<?xml version="1.0" encoding="UTF-8"?>
<testng-results ignored="0" total="1" passed="1" failed="0" skipped="0">
  <reporter-output>
  </reporter-output>
  <suite started-at="2022-11-09T22:27:18 IST" name="Default suite" finished-at="2022-11-09T22:27:34 IST" duration-ms="15432">
    <groups>
    </groups>
    <test started-at="2022-11-09T22:27:18 IST" name="Default test" finished-at="2022-11-09T22:27:34 IST" duration-ms="15432">
      <class name="Altoro_Test.TC006_AltoroContactUsandOnlineForm">
        <test-method is-config="true" signature="setup()[pri:0, instance:Altoro_Test.TC006_AltoroContactUsandOnlineForm@50eac852]" started-at="2022-11-09T22:27:18 IST" name="setup" finished-at="2022-11-09T22:27:22 IST" duration-ms="3779" status="PASS">
          <reporter-output>
          </reporter-output>
        </test-method> <!-- setup -->
        <test-method signature="onlineformandcontactus()[pri:0, instance:Altoro_Test.TC006_AltoroContactUsandOnlineForm@50eac852]" started-at="2022-11-09T22:27:22 IST" name="onlineformandcontactus" finished-at="2022-11-09T22:27:33 IST" duration-ms="11432" status="PASS">
          <reporter-output>
          </reporter-output>
        </test-method> <!-- onlineformandcontactus -->
        <test-method is-config="true" signature="Teardown()[pri:0, instance:Altoro_Test.TC006_AltoroContactUsandOnlineForm@50eac852]" started-at="2022-11-09T22:27:33 IST" name="Teardown" finished-at="2022-11-09T22:27:34 IST" duration-ms="187" status="PASS">
          <reporter-output>
          </reporter-output>
        </test-method> <!-- Teardown -->
      </class> <!-- Altoro_Test.TC006_AltoroContactUsandOnlineForm -->
    </test> <!-- Default test -->
  </suite> <!-- Default suite -->
</testng-results>
